<?xml version="1.0" encoding="UTF-8"?>
<!-- Generated by org.testng.reporters.JUnitReportReporter -->
<testsuite hostname="DESKTOP-75OLIUH" name="Calendar.TestSetOne" tests="1" failures="0" timestamp="11 Oct 2018 03:39:24 GMT" time="56.172" errors="0">
  <testcase name="TC_103_SearchText" time="56.172" classname="Calendar.TestSetOne"/>
</testsuite> <!-- Calendar.TestSetOne -->
